Got comments for /log/2011/09/test.html.
Got comments for /log/2011/09/test.html.
og/2011/09/test.html.
Saved comment for /log/2011/09/test.html.
Precondition failed.
Precondition failed.
Precondition failed.
ot comments for /log/2011/09/test.html.
Got comments for /log/2011/09/test.html.
Got comments for /log/2011/09/test.html.
Got comments for /log/2011/09/test.html.
Got comments for /log/2011/09/test.html.
Got comments for /log/2011/09/test.html.
Got comments for /log/2011/09/test.html.
Got comments for /log/2011/09/test.html.
Got comments for /log/2011/09/test.html.
Saved comment for /log/2011/09/test.html.
Got comments for /log/2011/09/test.html.
Saved comment for /log/2011/09/test.html.
Precondition failed.
Precondition failed.
Precondition failed.
Precondition failed.
Precondition failed.
ments for log/2011/09/test.html.
Got comments for log/2011/09/test.html.
Got comments for log/2011/09/test.html.
Got comments for log/2011/09/test.html.
Got comments for log/2011/09/test.html.
No resource given
Got comments for log/2011/09/test.html.
Got comments for log/2011/09/test.html.
Got comments for log/2011/09/test.html.
